<?xml version="1.0" encoding="UTF-8"?>
<!-- Generated by org.testng.reporters.JUnitReportReporter -->
<testsuite hostname="DESKTOP-OJEACE5" failures="0" tests="2" name="academy.LoginCaseParameter" time="9.908" errors="0" timestamp="2021-12-13T11:59:00 IST" skipped="0">
  <testcase classname="academy.LoginCaseParameter" name="Navigate" time="7.365"/>
  <system-out/>
  <testcase classname="academy.LoginCaseParameter" name="Navigate" time="2.543"/>
  <system-out/>
</testsuite> <!-- academy.LoginCaseParameter -->
