<?xml version="1.0" encoding="UTF-8"?>
<!-- Generated by org.testng.reporters.JUnitReportReporter -->
<testsuite hostname="DESKTOP-OJEACE5" failures="0" tests="1" name="academy.LoginCase" time="1.060" errors="0" timestamp="2021-12-13T19:21:13 IST" skipped="0">
  <testcase classname="academy.LoginCase" name="Navigate" time="1.060"/>
  <system-out/>
</testsuite> <!-- academy.LoginCase -->
