<?xml version="1.0" encoding="UTF-8"?>
<!-- Generated by org.testng.reporters.JUnitReportReporter -->
<testsuite skipped="0" hostname="DESKTOP-OJEACE5" name="academy.Navigate" tests="1" failures="0" timestamp="2021-12-13T12:59:27 IST" time="0.698" errors="0">
  <testcase name="Navigate" time="0.698" classname="academy.Navigate"/>
  <system-out/>
</testsuite> <!-- academy.Navigate -->
