<?xml version="1.0" encoding="UTF-8"?>
<!-- Generated by org.testng.reporters.JUnitReportReporter -->
<testsuite skipped="0" hostname="DESKTOP-OJEACE5" name="academy.LoginCase" tests="1" failures="0" timestamp="2021-12-13T12:59:27 IST" time="1.008" errors="0">
  <testcase name="Navigate" time="1.008" classname="academy.LoginCase"/>
  <system-out/>
</testsuite> <!-- academy.LoginCase -->
